<?xml version="1.0" encoding="UTF-8"?>
<testng-results ignored="0" total="1" passed="1" failed="0" skipped="0">
  <reporter-output>
  </reporter-output>
  <suite started-at="2022-06-14T09:20:23 IST" name="Default suite" finished-at="2022-06-14T09:20:53 IST" duration-ms="29930">
    <groups>
    </groups>
    <test started-at="2022-06-14T09:20:23 IST" name="Default test" finished-at="2022-06-14T09:20:53 IST" duration-ms="29930">
      <class name="config.ProductRating">
        <test-method signature="rating()[pri:0, instance:config.ProductRating@47faa49c]" started-at="2022-06-14T09:20:23 IST" name="rating" finished-at="2022-06-14T09:20:53 IST" duration-ms="29882" status="PASS">
          <reporter-output>
          </reporter-output>
        </test-method> <!-- rating -->
      </class> <!-- config.ProductRating -->
    </test> <!-- Default test -->
  </suite> <!-- Default suite -->
</testng-results>
